2024-10-30 16:15:02 [background-preinit] INFO  o.h.v.i.u.Version                                  - HV000001: Hibernate Validator 8.0.1.Final 
2024-10-30 16:15:02 [restartedMain] INFO  c.c.Application                                    - Starting Application using Java 17.0.12 with PID 11304 (D:\Java Be\4. Java Advanced\Lesson_16_Final Exam\Code\FinalBE\target\classes started by Admin in D:\Java Be\4. Java Advanced\Lesson_16_Final Exam\Code\FinalBE) 
2024-10-30 16:15:02 [restartedMain] INFO  c.c.Application                                    - The following 1 profile is active: "dev" 
2024-10-30 16:15:02 [restartedMain] INFO  o.s.b.d.e.DevToolsPropertyDefaultsPostProcessor    - Devtools property defaults active! Set 'spring.devtools.add-properties' to 'false' to disable 
2024-10-30 16:15:02 [restartedMain] INFO  o.s.b.d.e.DevToolsPropertyDefaultsPostProcessor    - For additional web related logging consider setting the 'logging.level.web' property to 'DEBUG' 
2024-10-30 16:15:04 [restartedMain] INFO  o.s.d.r.c.RepositoryConfigurationDelegate          - Bootstrapping Spring Data JPA repositories in DEFAULT mode. 
2024-10-30 16:15:04 [restartedMain] INFO  o.s.d.r.c.RepositoryConfigurationDelegate          - Finished Spring Data repository scanning in 137 ms. Found 4 JPA repository interfaces. 
2024-10-30 16:15:05 [restartedMain] INFO  o.s.b.w.e.t.TomcatWebServer                        - Tomcat initialized with port(s): 8080 (http) 
2024-10-30 16:15:05 [restartedMain] INFO  o.a.c.h.Http11NioProtocol                          - Initializing ProtocolHandler ["http-nio-8080"] 
2024-10-30 16:15:05 [restartedMain] INFO  o.a.c.c.StandardService                            - Starting service [Tomcat] 
2024-10-30 16:15:05 [restartedMain] INFO  o.a.c.c.StandardEngine                             - Starting Servlet engine: [Apache Tomcat/10.1.13] 
2024-10-30 16:15:05 [restartedMain] INFO  o.a.c.c.C.[.[.[/]                                  - Initializing Spring embedded WebApplicationContext 
2024-10-30 16:15:05 [restartedMain] INFO  o.s.b.w.s.c.ServletWebServerApplicationContext     - Root WebApplicationContext: initialization completed in 2819 ms 
2024-10-30 16:15:05 [restartedMain] INFO  c.z.h.HikariDataSource                             - HikariPool-1 - Starting... 
2024-10-30 16:15:06 [restartedMain] INFO  c.z.h.p.HikariPool                                 - HikariPool-1 - Added connection com.mysql.cj.jdbc.ConnectionImpl@5a67a90d 
2024-10-30 16:15:06 [restartedMain] INFO  c.z.h.HikariDataSource                             - HikariPool-1 - Start completed. 
2024-10-30 16:15:06 [restartedMain] INFO  o.h.j.i.u.LogHelper                                - HHH000204: Processing PersistenceUnitInfo [name: default] 
2024-10-30 16:15:06 [restartedMain] INFO  o.h.Version                                        - HHH000412: Hibernate ORM core version 6.2.9.Final 
2024-10-30 16:15:06 [restartedMain] INFO  o.h.c.Environment                                  - HHH000406: Using bytecode reflection optimizer 
2024-10-30 16:15:07 [restartedMain] INFO  o.h.b.i.BytecodeProviderInitiator                  - HHH000021: Bytecode provider name : bytebuddy 
2024-10-30 16:15:07 [restartedMain] INFO  o.s.o.j.p.SpringPersistenceUnitInfo                - No LoadTimeWeaver setup: ignoring JPA class transformer 
2024-10-30 16:15:07 [restartedMain] INFO  o.h.b.i.BytecodeProviderInitiator                  - HHH000021: Bytecode provider name : bytebuddy 
2024-10-30 16:15:08 [restartedMain] INFO  o.h.e.t.j.p.i.JtaPlatformInitiator                 - HHH000490: Using JtaPlatform implementation: [org.hibernate.engine.transaction.jta.platform.internal.NoJtaPlatform] 
2024-10-30 16:15:08 [restartedMain] INFO  o.s.o.j.LocalContainerEntityManagerFactoryBean     - Initialized JPA EntityManagerFactory for persistence unit 'default' 
2024-10-30 16:15:09 [restartedMain] WARN  o.s.b.a.o.j.JpaBaseConfiguration$JpaWebConfiguration - spring.jpa.open-in-view is enabled by default. Therefore, database queries may be performed during view rendering. Explicitly configure spring.jpa.open-in-view to disable this warning 
2024-10-30 16:15:10 [restartedMain] INFO  o.s.s.w.DefaultSecurityFilterChain                 - Will secure any request with [org.springframework.security.web.session.DisableEncodeUrlFilter@22507067, org.springframework.security.web.context.request.async.WebAsyncManagerIntegrationFilter@3b80979f, org.springframework.security.web.context.SecurityContextHolderFilter@303258df, org.springframework.security.web.header.HeaderWriterFilter@1f9a790f, org.springframework.web.filter.CorsFilter@17085d8c, org.springframework.security.web.authentication.logout.LogoutFilter@2d09a861, com.company.config.security.JWTAuthorizationFilter@3b9356ed, org.springframework.security.web.authentication.www.BasicAuthenticationFilter@721d7a88, org.springframework.security.web.savedrequest.RequestCacheAwareFilter@5574af9e, org.springframework.security.web.servletapi.SecurityContextHolderAwareRequestFilter@6e881fe3, org.springframework.security.web.authentication.AnonymousAuthenticationFilter@77f869bb, org.springframework.security.web.access.ExceptionTranslationFilter@613e00d1, org.springframework.security.web.access.intercept.AuthorizationFilter@618c2633] 
2024-10-30 16:15:11 [restartedMain] INFO  o.s.b.d.a.OptionalLiveReloadServer                 - LiveReload server is running on port 35729 
2024-10-30 16:15:11 [restartedMain] INFO  o.a.c.h.Http11NioProtocol                          - Starting ProtocolHandler ["http-nio-8080"] 
2024-10-30 16:15:11 [restartedMain] INFO  o.s.b.w.e.t.TomcatWebServer                        - Tomcat started on port(s): 8080 (http) with context path '' 
2024-10-30 16:15:11 [restartedMain] INFO  c.c.Application                                    - Started Application in 8.773 seconds (process running for 10.378) 
2024-10-30 16:16:55 [File Watcher] INFO  o.s.b.d.a.LocalDevToolsAutoConfiguration$RestartingClassPathChangeChangedEventListener - Restarting due to 1 class path change (0 additions, 0 deletions, 1 modification) 
2024-10-30 16:16:55 [Thread-5] INFO  o.a.c.h.Http11NioProtocol                          - Pausing ProtocolHandler ["http-nio-8080"] 
2024-10-30 16:16:55 [Thread-5] INFO  o.a.c.c.StandardService                            - Stopping service [Tomcat] 
2024-10-30 16:16:55 [Thread-5] WARN  o.a.c.l.WebappClassLoaderBase                      - The web application [ROOT] appears to have started a thread named [HikariPool-1 housekeeper] but has failed to stop it. This is very likely to create a memory leak. Stack trace of thread:
 java.base@17.0.12/jdk.internal.misc.Unsafe.park(Native Method)
 java.base@17.0.12/java.util.concurrent.locks.LockSupport.parkNanos(LockSupport.java:252)
 java.base@17.0.12/java.util.concurrent.locks.AbstractQueuedSynchronizer$ConditionObject.awaitNanos(AbstractQueuedSynchronizer.java:1672)
 java.base@17.0.12/java.util.concurrent.ScheduledThreadPoolExecutor$DelayedWorkQueue.take(ScheduledThreadPoolExecutor.java:1182)
 java.base@17.0.12/java.util.concurrent.ScheduledThreadPoolExecutor$DelayedWorkQueue.take(ScheduledThreadPoolExecutor.java:899)
 java.base@17.0.12/java.util.concurrent.ThreadPoolExecutor.getTask(ThreadPoolExecutor.java:1062)
 java.base@17.0.12/java.util.concurrent.ThreadPoolExecutor.runWorker(ThreadPoolExecutor.java:1122)
 java.base@17.0.12/java.util.concurrent.ThreadPoolExecutor$Worker.run(ThreadPoolExecutor.java:635)
 java.base@17.0.12/java.lang.Thread.run(Thread.java:842) 
2024-10-30 16:16:55 [Thread-5] INFO  o.a.c.h.Http11NioProtocol                          - Stopping ProtocolHandler ["http-nio-8080"] 
2024-10-30 16:16:55 [Thread-5] INFO  o.a.c.h.Http11NioProtocol                          - Destroying ProtocolHandler ["http-nio-8080"] 
2024-10-30 16:16:55 [Thread-5] INFO  o.s.o.j.LocalContainerEntityManagerFactoryBean     - Closing JPA EntityManagerFactory for persistence unit 'default' 
2024-10-30 16:16:55 [Thread-5] INFO  c.z.h.HikariDataSource                             - HikariPool-1 - Shutdown initiated... 
2024-10-30 16:16:55 [Thread-5] INFO  c.z.h.HikariDataSource                             - HikariPool-1 - Shutdown completed. 
2024-10-30 16:16:56 [restartedMain] INFO  c.c.Application                                    - Starting Application using Java 17.0.12 with PID 11304 (D:\Java Be\4. Java Advanced\Lesson_16_Final Exam\Code\FinalBE\target\classes started by Admin in D:\Java Be\4. Java Advanced\Lesson_16_Final Exam\Code\FinalBE) 
2024-10-30 16:16:56 [restartedMain] INFO  c.c.Application                                    - The following 1 profile is active: "dev" 
2024-10-30 16:16:56 [restartedMain] INFO  o.s.d.r.c.RepositoryConfigurationDelegate          - Bootstrapping Spring Data JPA repositories in DEFAULT mode. 
2024-10-30 16:16:56 [restartedMain] INFO  o.s.d.r.c.RepositoryConfigurationDelegate          - Finished Spring Data repository scanning in 46 ms. Found 4 JPA repository interfaces. 
2024-10-30 16:16:56 [restartedMain] INFO  o.s.b.w.e.t.TomcatWebServer                        - Tomcat initialized with port(s): 8080 (http) 
2024-10-30 16:16:56 [restartedMain] INFO  o.a.c.h.Http11NioProtocol                          - Initializing ProtocolHandler ["http-nio-8080"] 
2024-10-30 16:16:56 [restartedMain] INFO  o.a.c.c.StandardService                            - Starting service [Tomcat] 
2024-10-30 16:16:56 [restartedMain] INFO  o.a.c.c.StandardEngine                             - Starting Servlet engine: [Apache Tomcat/10.1.13] 
2024-10-30 16:16:57 [restartedMain] INFO  o.a.c.c.C.[.[.[/]                                  - Initializing Spring embedded WebApplicationContext 
2024-10-30 16:16:57 [restartedMain] INFO  o.s.b.w.s.c.ServletWebServerApplicationContext     - Root WebApplicationContext: initialization completed in 858 ms 
2024-10-30 16:16:57 [restartedMain] INFO  c.z.h.HikariDataSource                             - HikariPool-2 - Starting... 
2024-10-30 16:16:57 [restartedMain] INFO  c.z.h.p.HikariPool                                 - HikariPool-2 - Added connection com.mysql.cj.jdbc.ConnectionImpl@1c452c7e 
2024-10-30 16:16:57 [restartedMain] INFO  c.z.h.HikariDataSource                             - HikariPool-2 - Start completed. 
2024-10-30 16:16:57 [restartedMain] INFO  o.h.j.i.u.LogHelper                                - HHH000204: Processing PersistenceUnitInfo [name: default] 
2024-10-30 16:16:57 [restartedMain] INFO  o.h.b.i.BytecodeProviderInitiator                  - HHH000021: Bytecode provider name : bytebuddy 
2024-10-30 16:16:57 [restartedMain] INFO  o.s.o.j.p.SpringPersistenceUnitInfo                - No LoadTimeWeaver setup: ignoring JPA class transformer 
2024-10-30 16:16:57 [restartedMain] INFO  o.h.b.i.BytecodeProviderInitiator                  - HHH000021: Bytecode provider name : bytebuddy 
2024-10-30 16:16:57 [restartedMain] INFO  o.h.e.t.j.p.i.JtaPlatformInitiator                 - HHH000490: Using JtaPlatform implementation: [org.hibernate.engine.transaction.jta.platform.internal.NoJtaPlatform] 
2024-10-30 16:16:57 [restartedMain] INFO  o.s.o.j.LocalContainerEntityManagerFactoryBean     - Initialized JPA EntityManagerFactory for persistence unit 'default' 
2024-10-30 16:16:57 [restartedMain] WARN  o.s.b.a.o.j.JpaBaseConfiguration$JpaWebConfiguration - spring.jpa.open-in-view is enabled by default. Therefore, database queries may be performed during view rendering. Explicitly configure spring.jpa.open-in-view to disable this warning 
2024-10-30 16:16:57 [restartedMain] INFO  o.s.s.w.DefaultSecurityFilterChain                 - Will secure any request with [org.springframework.security.web.session.DisableEncodeUrlFilter@1edc243c, org.springframework.security.web.context.request.async.WebAsyncManagerIntegrationFilter@47aa5206, org.springframework.security.web.context.SecurityContextHolderFilter@108ec2da, org.springframework.security.web.header.HeaderWriterFilter@34bfabe4, org.springframework.web.filter.CorsFilter@a464c85, org.springframework.security.web.authentication.logout.LogoutFilter@124728f6, com.company.config.security.JWTAuthorizationFilter@62f633ec, org.springframework.security.web.authentication.www.BasicAuthenticationFilter@3ff0a5b4, org.springframework.security.web.savedrequest.RequestCacheAwareFilter@1bf3e4df, org.springframework.security.web.servletapi.SecurityContextHolderAwareRequestFilter@3d90c064, org.springframework.security.web.authentication.AnonymousAuthenticationFilter@3021857c, org.springframework.security.web.access.ExceptionTranslationFilter@2010cab7, org.springframework.security.web.access.intercept.AuthorizationFilter@14db3f41] 
2024-10-30 16:16:57 [restartedMain] INFO  o.s.b.d.a.OptionalLiveReloadServer                 - LiveReload server is running on port 35729 
2024-10-30 16:16:58 [restartedMain] INFO  o.a.c.h.Http11NioProtocol                          - Starting ProtocolHandler ["http-nio-8080"] 
2024-10-30 16:16:58 [restartedMain] INFO  o.s.b.w.e.t.TomcatWebServer                        - Tomcat started on port(s): 8080 (http) with context path '' 
2024-10-30 16:16:58 [restartedMain] INFO  c.c.Application                                    - Started Application in 1.963 seconds (process running for 117.16) 
2024-10-30 16:16:58 [restartedMain] INFO  o.s.b.d.a.ConditionEvaluationDeltaLoggingListener  - Condition evaluation unchanged 
